New log file opened at Tue Nov 03 00:10:39 PST 2015 by 13954@subwai.smrted.com
Taking next connection to: 52935
New client attempting to connect on port: 52939-52935
  Address = /10.0.0.167:52935
This client on port 52939 has uuid 80cec38f-3026-4397-b851-f6c4ed8b3d82 configName activator humanReadableName Activator protocolVersion 3 featureTags Vector()
Connected Clients: activator-80cec38f-3026-4397-b851-f6c4ed8b3d82
Taking next connection to: 52935
New client attempting to connect on port: 52940-52935
  Address = /10.0.0.167:52935
Handshake exception on socket: 52940
sbt.impl.ipc.HandshakeException: Unable to perform handshake
	at sbt.impl.ipc.Peer.handshake(IPC.scala:46)
	at sbt.impl.ipc.MultiClientServer.<init>(IPC.scala:150)
	at sbt.server.SbtServerSocketHandler$$anon$1.run(SbtServerSocketHandler.scala:43)
Caused by: java.net.SocketException: Connection reset
	at java.net.SocketInputStream.read(SocketInputStream.java:209)
	at java.net.SocketInputStream.read(SocketInputStream.java:141)
	at java.io.BufferedInputStream.fill(BufferedInputStream.java:246)
	at java.io.BufferedInputStream.read(BufferedInputStream.java:265)
	at java.io.DataInputStream.readInt(DataInputStream.java:387)
	at sbt.impl.ipc.Peer.receive(IPC.scala:95)
	at sbt.impl.ipc.Peer.handshake(IPC.scala:49)
	... 2 more
Taking next connection to: 52935
New client attempting to connect on port: 52941-52935
  Address = /10.0.0.167:52935
This client on port 52941 has uuid 4f26432b-a4be-4450-84ce-3315b84de8bc configName activator humanReadableName Activator protocolVersion 3 featureTags Vector()
Connected Clients: activator-80cec38f-3026-4397-b851-f6c4ed8b3d82, activator-4f26432b-a4be-4450-84ce-3315b84de8bc
Taking next connection to: 52935
New client attempting to connect on port: 52942-52935
  Address = /10.0.0.167:52935
Handshake exception on socket: 52942
sbt.impl.ipc.HandshakeException: Unable to perform handshake
	at sbt.impl.ipc.Peer.handshake(IPC.scala:46)
	at sbt.impl.ipc.MultiClientServer.<init>(IPC.scala:150)
	at sbt.server.SbtServerSocketHandler$$anon$1.run(SbtServerSocketHandler.scala:43)
Caused by: java.net.SocketException: Connection reset
	at java.net.SocketInputStream.read(SocketInputStream.java:209)
	at java.net.SocketInputStream.read(SocketInputStream.java:141)
	at java.io.BufferedInputStream.fill(BufferedInputStream.java:246)
	at java.io.BufferedInputStream.read(BufferedInputStream.java:265)
	at java.io.DataInputStream.readInt(DataInputStream.java:387)
	at sbt.impl.ipc.Peer.receive(IPC.scala:95)
	at sbt.impl.ipc.Peer.handshake(IPC.scala:49)
	... 2 more
Taking next connection to: 52935
New client attempting to connect on port: 52943-52935
  Address = /10.0.0.167:52935
This client on port 52943 has uuid 47e0075e-c0af-4c68-afcf-8e2055f3b0d9 configName activator humanReadableName Activator protocolVersion 3 featureTags Vector()
Connected Clients: activator-80cec38f-3026-4397-b851-f6c4ed8b3d82, activator-4f26432b-a4be-4450-84ce-3315b84de8bc, activator-47e0075e-c0af-4c68-afcf-8e2055f3b0d9
Taking next connection to: 52935
New client attempting to connect on port: 52955-52935
  Address = /10.0.0.167:52935
Handshake exception on socket: 52955
sbt.impl.ipc.HandshakeException: Unable to perform handshake
	at sbt.impl.ipc.Peer.handshake(IPC.scala:46)
	at sbt.impl.ipc.MultiClientServer.<init>(IPC.scala:150)
	at sbt.server.SbtServerSocketHandler$$anon$1.run(SbtServerSocketHandler.scala:43)
Caused by: java.net.SocketException: Connection reset
	at java.net.SocketInputStream.read(SocketInputStream.java:209)
	at java.net.SocketInputStream.read(SocketInputStream.java:141)
	at java.io.BufferedInputStream.fill(BufferedInputStream.java:246)
	at java.io.BufferedInputStream.read(BufferedInputStream.java:265)
	at java.io.DataInputStream.readInt(DataInputStream.java:387)
	at sbt.impl.ipc.Peer.receive(IPC.scala:95)
	at sbt.impl.ipc.Peer.handshake(IPC.scala:49)
	... 2 more
Taking next connection to: 52935
New client attempting to connect on port: 52956-52935
  Address = /10.0.0.167:52935
This client on port 52956 has uuid 81c13b2b-fae4-4ef3-9d2a-10ae7c2ecae5 configName play-fork-run humanReadableName Play Fork Run protocolVersion 1 featureTags Vector()
Connected Clients: activator-4f26432b-a4be-4450-84ce-3315b84de8bc, play-fork-run-81c13b2b-fae4-4ef3-9d2a-10ae7c2ecae5
Taking next connection to: 52935
